[0.009s] Invoking command in '/home/yash_sai/Yash/Arm/InterbotixDriver/build/interbotix_xs_sdk': AMENT_PREFIX_PATH=/home/yash_sai/Yash/Arm/InterbotixDriver/install/interbotix_xs_driver:/home/yash_sai/Yash/Arm/InterbotixDriver/install/interbotix_xs_msgs:/home/yash_sai/Yash/Arm/InterbotixDriver/install/dynamixel_workbench_toolbox:${AMENT_PREFIX_PATH} CMAKE_PREFIX_PATH=/home/yash_sai/Yash/Arm/InterbotixDriver/install/interbotix_xs_driver:/home/yash_sai/Yash/Arm/InterbotixDriver/install/interbotix_xs_msgs:/home/yash_sai/Yash/Arm/InterbotixDriver/install/dynamixel_workbench_toolbox:/opt/ros/humble LD_LIBRARY_PATH=/home/yash_sai/Yash/Arm/InterbotixDriver/install/interbotix_xs_driver/lib:/home/yash_sai/Yash/Arm/InterbotixDriver/install/interbotix_xs_msgs/lib:/home/yash_sai/Yash/Arm/InterbotixDriver/install/dynamixel_workbench_toolbox/lib:${LD_LIBRARY_PATH} PYTHONPATH=/home/yash_sai/Yash/Arm/InterbotixDriver/install/interbotix_xs_msgs/local/lib/python3.10/dist-packages:${PYTHONPATH} VIRTUAL_ENV_PROMPT=(arm-test) /usr/bin/cmake /home/yash_sai/Yash/Arm/InterbotixDriver/src/interbotix_ros_core/interbotix_ros_xseries/interbotix_xs_sdk -DAMENT_CMAKE_SYMLINK_INSTALL=1 -DCMAKE_INSTALL_PREFIX=/home/yash_sai/Yash/Arm/InterbotixDriver/install/interbotix_xs_sdk
[0.051s] -- The C compiler identification is GNU 11.4.0
[0.093s] -- The CXX compiler identification is GNU 11.4.0
[0.099s] -- Detecting C compiler ABI info
[0.154s] -- Detecting C compiler ABI info - done
[0.159s] -- Check for working C compiler: /usr/bin/cc - skipped
[0.160s] -- Detecting C compile features
[0.160s] -- Detecting C compile features - done
[0.162s] -- Detecting CXX compiler ABI info
[0.224s] -- Detecting CXX compiler ABI info - done
[0.229s] -- Check for working CXX compiler: /usr/bin/c++ - skipped
[0.229s] -- Detecting CXX compile features
[0.230s] -- Detecting CXX compile features - done
[0.232s] -- Found ament_cmake: 1.3.12 (/opt/ros/humble/share/ament_cmake/cmake)
[0.344s] -- Found Python3: /usr/bin/python3 (found version "3.10.12") found components: Interpreter 
[0.389s] -- Override CMake install command with custom implementation using symlinks instead of copying resources
[0.421s] -- Found ament_index_cpp: 1.4.0 (/opt/ros/humble/share/ament_index_cpp/cmake)
[0.423s] -- Found rclcpp: 16.0.15 (/opt/ros/humble/share/rclcpp/cmake)
[0.461s] -- Found rosidl_generator_c: 3.1.7 (/opt/ros/humble/share/rosidl_generator_c/cmake)
[0.466s] -- Found rosidl_adapter: 3.1.7 (/opt/ros/humble/share/rosidl_adapter/cmake)
[0.474s] -- Found rosidl_generator_cpp: 3.1.7 (/opt/ros/humble/share/rosidl_generator_cpp/cmake)
[0.484s] -- Using all available rosidl_typesupport_c: rosidl_typesupport_fastrtps_c;rosidl_typesupport_introspection_c
[0.498s] -- Using all available rosidl_typesupport_cpp: rosidl_typesupport_fastrtps_cpp;rosidl_typesupport_introspection_cpp
[0.537s] -- Found rmw_implementation_cmake: 6.1.2 (/opt/ros/humble/share/rmw_implementation_cmake/cmake)
[0.539s] -- Found rmw_fastrtps_cpp: 6.2.9 (/opt/ros/humble/share/rmw_fastrtps_cpp/cmake)
[0.620s] -- Found OpenSSL: /usr/lib/x86_64-linux-gnu/libcrypto.so (found version "3.0.2")  
[0.646s] -- Found FastRTPS: /opt/ros/humble/include  
[0.685s] -- Using RMW implementation 'rmw_fastrtps_cpp' as default
[0.693s] -- Looking for pthread.h
[0.751s] -- Looking for pthread.h - found
[0.751s] -- Performing Test CMAKE_HAVE_LIBC_PTHREAD
[0.809s] -- Performing Test CMAKE_HAVE_LIBC_PTHREAD - Success
[0.809s] -- Found Threads: TRUE  
[0.850s] -- Found rclpy: 3.3.17 (/opt/ros/humble/share/rclpy/cmake)
[0.853s] -- Found sensor_msgs: 4.9.0 (/opt/ros/humble/share/sensor_msgs/cmake)
[0.881s] -- Found urdf: 2.6.1 (/opt/ros/humble/share/urdf/cmake)
[0.922s] -- Found interbotix_xs_msgs: 0.0.0 (/home/yash_sai/Yash/Arm/InterbotixDriver/install/interbotix_xs_msgs/share/interbotix_xs_msgs/cmake)
[0.948s] -- Found interbotix_xs_driver: 0.3.7 (/home/yash_sai/Yash/Arm/InterbotixDriver/install/interbotix_xs_driver/share/interbotix_xs_driver/cmake)
[0.955s] -- Found ament_lint_auto: 0.12.14 (/opt/ros/humble/share/ament_lint_auto/cmake)
[1.020s] -- Added test 'copyright' to check source files copyright and LICENSE
[1.022s] -- Added test 'cppcheck' to perform static code analysis on C / C++ code
[1.022s] -- Configured cppcheck include dirs: /home/yash_sai/Yash/Arm/InterbotixDriver/src/interbotix_ros_core/interbotix_ros_xseries/interbotix_xs_sdk/include
[1.022s] -- Configured cppcheck exclude dirs and/or files: 
[1.023s] -- Added test 'cpplint' to check C / C++ code against the Google style
[1.023s] -- Configured cpplint exclude dirs and/or files: 
[1.024s] -- Added test 'flake8' to check Python code syntax and style conventions
[1.024s] -- Added test 'lint_cmake' to check CMake code style
[1.025s] -- Added test 'pep257' to check Python code against some of the docstring style conventions in PEP 257
[1.026s] -- Added test 'uncrustify' to check C / C++ code style
[1.026s] -- Configured uncrustify additional arguments: 
[1.026s] -- Added test 'xmllint' to check XML markup files
[1.027s] -- Configuring done
[1.042s] -- Generating done
[1.045s] -- Build files have been written to: /home/yash_sai/Yash/Arm/InterbotixDriver/build/interbotix_xs_sdk
[1.053s] Invoked command in '/home/yash_sai/Yash/Arm/InterbotixDriver/build/interbotix_xs_sdk' returned '0': AMENT_PREFIX_PATH=/home/yash_sai/Yash/Arm/InterbotixDriver/install/interbotix_xs_driver:/home/yash_sai/Yash/Arm/InterbotixDriver/install/interbotix_xs_msgs:/home/yash_sai/Yash/Arm/InterbotixDriver/install/dynamixel_workbench_toolbox:${AMENT_PREFIX_PATH} CMAKE_PREFIX_PATH=/home/yash_sai/Yash/Arm/InterbotixDriver/install/interbotix_xs_driver:/home/yash_sai/Yash/Arm/InterbotixDriver/install/interbotix_xs_msgs:/home/yash_sai/Yash/Arm/InterbotixDriver/install/dynamixel_workbench_toolbox:/opt/ros/humble LD_LIBRARY_PATH=/home/yash_sai/Yash/Arm/InterbotixDriver/install/interbotix_xs_driver/lib:/home/yash_sai/Yash/Arm/InterbotixDriver/install/interbotix_xs_msgs/lib:/home/yash_sai/Yash/Arm/InterbotixDriver/install/dynamixel_workbench_toolbox/lib:${LD_LIBRARY_PATH} PYTHONPATH=/home/yash_sai/Yash/Arm/InterbotixDriver/install/interbotix_xs_msgs/local/lib/python3.10/dist-packages:${PYTHONPATH} VIRTUAL_ENV_PROMPT=(arm-test) /usr/bin/cmake /home/yash_sai/Yash/Arm/InterbotixDriver/src/interbotix_ros_core/interbotix_ros_xseries/interbotix_xs_sdk -DAMENT_CMAKE_SYMLINK_INSTALL=1 -DCMAKE_INSTALL_PREFIX=/home/yash_sai/Yash/Arm/InterbotixDriver/install/interbotix_xs_sdk
[1.054s] Invoking command in '/home/yash_sai/Yash/Arm/InterbotixDriver/build/interbotix_xs_sdk': AMENT_PREFIX_PATH=/home/yash_sai/Yash/Arm/InterbotixDriver/install/interbotix_xs_driver:/home/yash_sai/Yash/Arm/InterbotixDriver/install/interbotix_xs_msgs:/home/yash_sai/Yash/Arm/InterbotixDriver/install/dynamixel_workbench_toolbox:${AMENT_PREFIX_PATH} CMAKE_PREFIX_PATH=/home/yash_sai/Yash/Arm/InterbotixDriver/install/interbotix_xs_driver:/home/yash_sai/Yash/Arm/InterbotixDriver/install/interbotix_xs_msgs:/home/yash_sai/Yash/Arm/InterbotixDriver/install/dynamixel_workbench_toolbox:/opt/ros/humble LD_LIBRARY_PATH=/home/yash_sai/Yash/Arm/InterbotixDriver/install/interbotix_xs_driver/lib:/home/yash_sai/Yash/Arm/InterbotixDriver/install/interbotix_xs_msgs/lib:/home/yash_sai/Yash/Arm/InterbotixDriver/install/dynamixel_workbench_toolbox/lib:${LD_LIBRARY_PATH} PYTHONPATH=/home/yash_sai/Yash/Arm/InterbotixDriver/install/interbotix_xs_msgs/local/lib/python3.10/dist-packages:${PYTHONPATH} VIRTUAL_ENV_PROMPT=(arm-test) /usr/bin/cmake --build /home/yash_sai/Yash/Arm/InterbotixDriver/build/interbotix_xs_sdk -- -j24 -l24
[1.096s] [ 33%] Building CXX object CMakeFiles/xs_sdk.dir/src/xs_sdk.cpp.o
[1.096s] [ 66%] Building CXX object CMakeFiles/xs_sdk.dir/src/xs_sdk_obj.cpp.o
[2.675s] gmake[2]: *** [CMakeFiles/xs_sdk.dir/build.make:76: CMakeFiles/xs_sdk.dir/src/xs_sdk.cpp.o] Interrupt
[2.675s] gmake[2]: *** [CMakeFiles/xs_sdk.dir/build.make:90: CMakeFiles/xs_sdk.dir/src/xs_sdk_obj.cpp.o] Interrupt
[2.675s] gmake[1]: *** [CMakeFiles/Makefile2:137: CMakeFiles/xs_sdk.dir/all] Interrupt
[2.675s] gmake: *** [Makefile:146: all] Interrupt
[2.696s] Invoked command in '/home/yash_sai/Yash/Arm/InterbotixDriver/build/interbotix_xs_sdk' returned '-2': AMENT_PREFIX_PATH=/home/yash_sai/Yash/Arm/InterbotixDriver/install/interbotix_xs_driver:/home/yash_sai/Yash/Arm/InterbotixDriver/install/interbotix_xs_msgs:/home/yash_sai/Yash/Arm/InterbotixDriver/install/dynamixel_workbench_toolbox:${AMENT_PREFIX_PATH} CMAKE_PREFIX_PATH=/home/yash_sai/Yash/Arm/InterbotixDriver/install/interbotix_xs_driver:/home/yash_sai/Yash/Arm/InterbotixDriver/install/interbotix_xs_msgs:/home/yash_sai/Yash/Arm/InterbotixDriver/install/dynamixel_workbench_toolbox:/opt/ros/humble LD_LIBRARY_PATH=/home/yash_sai/Yash/Arm/InterbotixDriver/install/interbotix_xs_driver/lib:/home/yash_sai/Yash/Arm/InterbotixDriver/install/interbotix_xs_msgs/lib:/home/yash_sai/Yash/Arm/InterbotixDriver/install/dynamixel_workbench_toolbox/lib:${LD_LIBRARY_PATH} PYTHONPATH=/home/yash_sai/Yash/Arm/InterbotixDriver/install/interbotix_xs_msgs/local/lib/python3.10/dist-packages:${PYTHONPATH} VIRTUAL_ENV_PROMPT=(arm-test) /usr/bin/cmake --build /home/yash_sai/Yash/Arm/InterbotixDriver/build/interbotix_xs_sdk -- -j24 -l24
